{
  "RSpec": {
    "coverage": {
      "/Users/awano/Documents/route-api/app/models/node/itinerary.rb": [
        1,
        1,
        null,
        1,
        null
      ],
      "/Users/awano/Documents/route-api/app/models/relation/person.rb": [
        1,
        1,
        null,
        1,
        null,
        1,
        null
      ],
      "/Users/awano/Documents/route-api/app/models/relation/spot.rb": [
        1,
        1,
        null,
        1,
        null,
        1,
        1,
        1,
        1,
        null,
        1,
        1,
        null
      ],
      "/Users/awano/Documents/route-api/app/models/relation/route.rb": [
        1,
        1,
        null,
        1,
        1,
        1,
        null,
        1,
        1,
        1,
        null
      ],
      "/Users/awano/Documents/route-api/app/models/node/visit.rb": [
        1,
        1,
        null,
        1,
        1,
        1,
        null,
        1,
        1,
        null
      ],
      "/Users/awano/Documents/route-api/app/api/api.rb": [
        0,
        0,
        0,
        0,
        0,
        0,
        0,
        0,
        0,
        0,
        0
      ],
      "/Users/awano/Documents/route-api/app/api/v1/base.rb": [
        0,
        0,
        0,
        0,
        0,
        0,
        0,
        0,
        0,
        0,
        0,
        0,
        0,
        0,
        0,
        0,
        0,
        0,
        0,
        0,
        0
      ],
      "/Users/awano/Documents/route-api/app/api/v1/itineraries.rb": [
        0,
        0,
        0,
        0,
        0,
        0,
        0,
        0,
        0,
        0,
        0,
        0,
        0,
        0,
        0,
        0,
        0,
        0,
        0,
        0,
        0,
        0,
        0,
        0,
        0,
        0
      ],
      "/Users/awano/Documents/route-api/app/api/v1/people.rb": [
        0,
        0,
        0,
        0,
        0,
        0,
        0,
        0,
        0,
        0,
        0,
        0,
        0,
        0,
        0,
        0,
        0,
        0,
        0,
        0,
        0,
        0,
        0,
        0,
        0,
        0
      ],
      "/Users/awano/Documents/route-api/app/api/v1/routes.rb": [
        0,
        0,
        0,
        0,
        0,
        0,
        0,
        0,
        0,
        0,
        0,
        0,
        0,
        0,
        0,
        0,
        0,
        0,
        0,
        0,
        0,
        0,
        0,
        0,
        0,
        0
      ],
      "/Users/awano/Documents/route-api/app/api/v1/routes_spec.rb": [
        0,
        0,
        0,
        0,
        0,
        0,
        0,
        0,
        0,
        0,
        0,
        0,
        0,
        0,
        0,
        0,
        0,
        0,
        0,
        0,
        0,
        0,
        0,
        0,
        0,
        0,
        0,
        0,
        0,
        0,
        0,
        0,
        0,
        0,
        0
      ],
      "/Users/awano/Documents/route-api/app/api/v1/spots.rb": [
        0,
        0,
        0,
        0,
        0,
        0,
        0,
        0,
        0,
        0,
        0,
        0,
        0,
        0,
        0,
        0,
        0,
        0,
        0,
        0,
        0,
        0,
        0,
        0,
        0,
        0
      ],
      "/Users/awano/Documents/route-api/app/api/v2/base.rb": [
        0,
        0,
        0,
        0,
        0
      ],
      "/Users/awano/Documents/route-api/app/channels/application_cable/channel.rb": [
        0,
        0,
        0,
        0
      ],
      "/Users/awano/Documents/route-api/app/channels/application_cable/connection.rb": [
        0,
        0,
        0,
        0
      ],
      "/Users/awano/Documents/route-api/app/controllers/application_controller.rb": [
        0,
        0
      ],
      "/Users/awano/Documents/route-api/app/jobs/application_job.rb": [
        0,
        0
      ],
      "/Users/awano/Documents/route-api/app/mailers/application_mailer.rb": [
        0,
        0,
        0,
        0
      ],
      "/Users/awano/Documents/route-api/app/models/application_record.rb": [
        0,
        0,
        0
      ]
    },
    "timestamp": 1474276857
  }
}
